<?xml version="1.0" encoding="UTF-8"?>
<testng-results ignored="0" total="1" passed="1" failed="0" skipped="0">
  <reporter-output>
  </reporter-output>
  <suite started-at="2018-08-17T23:15:53Z" name="Default suite" finished-at="2018-08-17T23:16:13Z" duration-ms="19429">
    <groups>
    </groups>
    <test started-at="2018-08-17T23:15:53Z" name="Default test" finished-at="2018-08-17T23:16:13Z" duration-ms="19429">
      <class name="explicitWait.ExplicitelyWait">
        <test-method signature="Test1()[pri:0, instance:explicitWait.ExplicitelyWait@1b1426f4]" started-at="2018-08-17T23:15:53Z" name="Test1" finished-at="2018-08-17T23:16:13Z" duration-ms="19404" status="PASS">
          <reporter-output>
          </reporter-output>
        </test-method> <!-- Test1 -->
      </class> <!-- explicitWait.ExplicitelyWait -->
    </test> <!-- Default test -->
  </suite> <!-- Default suite -->
</testng-results>
